  ADDR  |  HEX  |      BINARY      |  LN  |  ASSEMBLY
        |       |                  |    1 | .ORIG x3000
 x3000  | x480C | 0100100000001100 |    2 | JSR SETUP
 x3001  | x14A1 | 0001010010100001 |    3 | ADD R2, R2, #1
        |       |                  |    4 | 
 x3002  | x480D | 0100100000001101 |    5 | JSR READ
 x3003  | x1D85 | 0001110110000101 |    6 | ADD R6, R6, R5
        |       |                  |    7 | 
 x3004  | x4808 | 0100100000001000 |    8 | JSR SETUP
 x3005  | x14A2 | 0001010010100010 |    9 | ADD R2, R2, #2
 x3006  | x5B60 | 0101101101100000 |   10 | AND R5, R5, #0
        |       |                  |   11 | 
 x3007  | x4808 | 0100100000001000 |   12 | JSR READ
 x3008  | x1D85 | 0001110110000101 |   13 | ADD R6, R6, R5
        |       |                  |   14 | 
 x3009  | x4803 | 0100100000000011 |   15 | JSR SETUP
 x300A  | x14A3 | 0001010010100011 |   16 | ADD R2, R2, #3
        |       |                  |   17 | 
 x300B  | x480D | 0100100000001101 |   18 | JSR WRITE
        |       |                  |   19 | 
 x300C  | xF025 | 1111000000100101 |   20 | HALT
        |       |                  |   21 | 
        |       |                  |   22 | SETUP
 x300D  | xF031 | 1111000000110001 |   23 |     TRAP 0x31
 x300E  | x1021 | 0001000000100001 |   24 |     ADD R0, R0, #1
 x300F  | xC1C0 | 1100000111000000 |   25 | RET
        |       |                  |   26 | 
        |       |                  |   27 | READ
 x3010  | x1921 | 0001100100100001 |   28 |     ADD R4, R4, #1
        |       |                  |   29 | 
        |       |                  |   30 |    RLOOP
 x3011  | xF033 | 1111000000110011 |   31 |         TRAP 0x33
        |       |                  |   32 | 
 x3012  | x16FF | 0001011011111111 |   33 |         ADD R3, R3, #-1
 x3013  | x0A01 | 0000101000000001 |   34 |         BRnp NOTSTONE
 x3014  | x1B44 | 0001101101000100 |   35 |             ADD R5, R5, R4
        |       |                  |   36 |         NOTSTONE
        |       |                  |   37 | 
 x3015  | x1021 | 0001000000100001 |   38 |         ADD R0, R0, #1
 x3016  | x1904 | 0001100100000100 |   39 |         ADD R4, R4, R4
 x3017  | x0BF9 | 0000101111111001 |   40 |     BRnp RLOOP
 x3018  | xC1C0 | 1100000111000000 |   41 | RET
        |       |                  |   42 | 
        |       |                  |   43 | WRITE
 x3019  | x1921 | 0001100100100001 |   44 |     ADD R4, R4, #1
        |       |                  |   45 | 
        |       |                  |   46 |     WLOOP
 x301A  | x56E0 | 0101011011100000 |   47 |         AND R3, R3, #0
        |       |                  |   48 | 
 x301B  | x5B84 | 0101101110000100 |   49 |         AND R5, R6, R4
 x301C  | x0401 | 0000010000000001 |   50 |         BRz ISZERO
 x301D  | x16E1 | 0001011011100001 |   51 |             ADD R3, R3, #1
        |       |                  |   52 |         ISZERO
        |       |                  |   53 | 
 x301E  | xF034 | 1111000000110100 |   54 |         TRAP 0x34
        |       |                  |   55 | 
 x301F  | x1021 | 0001000000100001 |   56 |         ADD R0, R0, #1
 x3020  | x1904 | 0001100100000100 |   57 |         ADD R4, R4, R4
 x3021  | x0BF8 | 0000101111111000 |   58 |     BRnp WLOOP
 x3022  | xC1C0 | 1100000111000000 |   59 | RET
        |       |                  |   60 | 
        |       |                  |   61 | .END