  ADDR  |  HEX  |      BINARY      |  LN  |  ASSEMBLY
        |       |                  |    1 | .ORIG x3000
 x3000  | xF031 | 1111000000110001 |    2 | TRAP 0x31
        |       |                  |    3 | 
 x3001  | x2878 | 0010100001111000 |    4 | LD R4, G_X
 x3002  | x481A | 0100100000011010 |    5 | JSR INV
        |       |                  |    6 | 
 x3003  | x1804 | 0001100000000100 |    7 | ADD R4, R0, R4
 x3004  | x0601 | 0000011000000001 |    8 | BRzp NOTNEG0
 x3005  | x4817 | 0100100000010111 |    9 |     JSR INV
        |       |                  |   10 | NOTNEG0
 x3006  | x1B44 | 0001101101000100 |   11 | ADD R5, R5, R4
        |       |                  |   12 | 
 x3007  | x2873 | 0010100001110011 |   13 | LD R4, G_Y
 x3008  | x4814 | 0100100000010100 |   14 | JSR INV
        |       |                  |   15 | 
 x3009  | x1844 | 0001100001000100 |   16 | ADD R4, R1, R4
 x300A  | x0601 | 0000011000000001 |   17 | BRzp NOTNEG1
 x300B  | x4811 | 0100100000010001 |   18 |     JSR INV
        |       |                  |   19 | NOTNEG1
 x300C  | x1B44 | 0001101101000100 |   20 | ADD R5, R5, R4
        |       |                  |   21 | 
 x300D  | x286E | 0010100001101110 |   22 | LD R4, G_Z
 x300E  | x480E | 0100100000001110 |   23 | JSR INV
        |       |                  |   24 | 
 x300F  | x1884 | 0001100010000100 |   25 | ADD R4, R2, R4
 x3010  | x0601 | 0000011000000001 |   26 | BRzp NOTNEG2
 x3011  | x480B | 0100100000001011 |   27 |     JSR INV
        |       |                  |   28 | NOTNEG2
 x3012  | x1B44 | 0001101101000100 |   29 | ADD R5, R5, R4
        |       |                  |   30 | 
 x3013  | x9B7F | 1001101101111111 |   31 | NOT R5, R5
 x3014  | x1B61 | 0001101101100001 |   32 | ADD R5, R5, #1
        |       |                  |   33 | 
 x3015  | x2867 | 0010100001100111 |   34 | LD R4, GOAL_DIST
        |       |                  |   35 | 
 x3016  | x1B05 | 0001101100000101 |   36 | ADD R5, R4, R5
 x3017  | x0801 | 0000100000000001 |   37 | BRn ISNEG
 x3018  | xE007 | 1110000000000111 |   38 |     LEA R0, INGOAL
        |       |                  |   39 | ISNEG
 x3019  | x0601 | 0000011000000001 |   40 | BRzp ISPOS
 x301A  | xE039 | 1110000000111001 |   41 |     LEA R0, NOTGOAL
        |       |                  |   42 | ISPOS
        |       |                  |   43 | 
 x301B  | xF030 | 1111000000110000 |   44 | TRAP 0x30
        |       |                  |   45 | 
 x301C  | xF025 | 1111000000100101 |   46 | HALT
        |       |                  |   47 | 
        |       |                  |   48 | INV
 x301D  | x993F | 1001100100111111 |   49 |     NOT R4, R4
 x301E  | x1921 | 0001100100100001 |   50 |     ADD R4, R4, #1
 x301F  | xC1C0 | 1100000111000000 |   51 | RET
        |       |                  |   52 | 
 x3020  | x0054 | 0000000001010100 |   53 | INGOAL .STRINGZ "The player is within Manhattan distance of the goal"
        | x0068 | 0000000001101000 |      |
        | x0065 | 0000000001100101 |      |
        | x0020 | 0000000000100000 |      |
        | x0070 | 0000000001110000 |      |
        | x006C | 0000000001101100 |      |
        | x0061 | 0000000001100001 |      |
        | x0079 | 0000000001111001 |      |
        | x0065 | 0000000001100101 |      |
        | x0072 | 0000000001110010 |      |
        | x0020 | 0000000000100000 |      |
        | x0069 | 0000000001101001 |      |
        | x0073 | 0000000001110011 |      |
        | x0020 | 0000000000100000 |      |
        | x0077 | 0000000001110111 |      |
        | x0069 | 0000000001101001 |      |
        | x0074 | 0000000001110100 |      |
        | x0068 | 0000000001101000 |      |
        | x0069 | 0000000001101001 |      |
        | x006E | 0000000001101110 |      |
        | x0020 | 0000000000100000 |      |
        | x004D | 0000000001001101 |      |
        | x0061 | 0000000001100001 |      |
        | x006E | 0000000001101110 |      |
        | x0068 | 0000000001101000 |      |
        | x0061 | 0000000001100001 |      |
        | x0074 | 0000000001110100 |      |
        | x0074 | 0000000001110100 |      |
        | x0061 | 0000000001100001 |      |
        | x006E | 0000000001101110 |      |
        | x0020 | 0000000000100000 |      |
        | x0064 | 0000000001100100 |      |
        | x0069 | 0000000001101001 |      |
        | x0073 | 0000000001110011 |      |
        | x0074 | 0000000001110100 |      |
        | x0061 | 0000000001100001 |      |
        | x006E | 0000000001101110 |      |
        | x0063 | 0000000001100011 |      |
        | x0065 | 0000000001100101 |      |
        | x0020 | 0000000000100000 |      |
        | x006F | 0000000001101111 |      |
        | x0066 | 0000000001100110 |      |
        | x0020 | 0000000000100000 |      |
        | x0074 | 0000000001110100 |      |
        | x0068 | 0000000001101000 |      |
        | x0065 | 0000000001100101 |      |
        | x0020 | 0000000000100000 |      |
        | x0067 | 0000000001100111 |      |
        | x006F | 0000000001101111 |      |
        | x0061 | 0000000001100001 |      |
        | x006C | 0000000001101100 |      |
        | x0000 | 0000000000000000 |      |
 x3054  | x0054 | 0000000001010100 |   54 | NOTGOAL .STRINGZ "The player is outside the goal bounds"
        | x0068 | 0000000001101000 |      |
        | x0065 | 0000000001100101 |      |
        | x0020 | 0000000000100000 |      |
        | x0070 | 0000000001110000 |      |
        | x006C | 0000000001101100 |      |
        | x0061 | 0000000001100001 |      |
        | x0079 | 0000000001111001 |      |
        | x0065 | 0000000001100101 |      |
        | x0072 | 0000000001110010 |      |
        | x0020 | 0000000000100000 |      |
        | x0069 | 0000000001101001 |      |
        | x0073 | 0000000001110011 |      |
        | x0020 | 0000000000100000 |      |
        | x006F | 0000000001101111 |      |
        | x0075 | 0000000001110101 |      |
        | x0074 | 0000000001110100 |      |
        | x0073 | 0000000001110011 |      |
        | x0069 | 0000000001101001 |      |
        | x0064 | 0000000001100100 |      |
        | x0065 | 0000000001100101 |      |
        | x0020 | 0000000000100000 |      |
        | x0074 | 0000000001110100 |      |
        | x0068 | 0000000001101000 |      |
        | x0065 | 0000000001100101 |      |
        | x0020 | 0000000000100000 |      |
        | x0067 | 0000000001100111 |      |
        | x006F | 0000000001101111 |      |
        | x0061 | 0000000001100001 |      |
        | x006C | 0000000001101100 |      |
        | x0020 | 0000000000100000 |      |
        | x0062 | 0000000001100010 |      |
        | x006F | 0000000001101111 |      |
        | x0075 | 0000000001110101 |      |
        | x006E | 0000000001101110 |      |
        | x0064 | 0000000001100100 |      |
        | x0073 | 0000000001110011 |      |
        | x0000 | 0000000000000000 |      |
        |       |                  |   55 | 
        |       |                  |   56 | ; Note: Please do not change the names of the constants below
 x307A  | x0007 | 0000000000000111 |   57 | G_X .FILL #7
 x307B  | xFFF8 | 1111111111111000 |   58 | G_Y .FILL #-8
 x307C  | x0005 | 0000000000000101 |   59 | G_Z .FILL #5
 x307D  | x000A | 0000000000001010 |   60 | GOAL_DIST .FILL #10
        |       |                  |   61 | .END