  ADDR  |  HEX  |      BINARY      |  LN  |  ASSEMBLY
        |       |                  |    1 | .ORIG x3000
 x3000  | x280C | 0010100000001100 |    2 | LD R4, NUMBER_TO_CONVERT
 x3001  | x1B61 | 0001101101100001 |    3 | ADD R5, R5, #1
        |       |                  |    4 | 
 x3002  | xF031 | 1111000000110001 |    5 | TRAP 0x31
 x3003  | x1021 | 0001000000100001 |    6 | ADD R0, R0, #1
        |       |                  |    7 | 
        |       |                  |    8 | LOOP
 x3004  | x56E0 | 0101011011100000 |    9 |     AND R3, R3, #0
        |       |                  |   10 | 
 x3005  | x5D05 | 0101110100000101 |   11 |     AND R6, R4, R5
 x3006  | x0401 | 0000010000000001 |   12 |     BRz NOPE
 x3007  | x16E1 | 0001011011100001 |   13 |         ADD R3, R3, #1
        |       |                  |   14 |     NOPE
        |       |                  |   15 | 
 x3008  | xF034 | 1111000000110100 |   16 |     TRAP 0x34
        |       |                  |   17 | 
 x3009  | x1021 | 0001000000100001 |   18 |     ADD R0, R0, #1
 x300A  | x1B45 | 0001101101000101 |   19 |     ADD R5, R5, R5
 x300B  | x0BF8 | 0000101111111000 |   20 | BRnp LOOP
        |       |                  |   21 | 
 x300C  | xF025 | 1111000000100101 |   22 | HALT
        |       |                  |   23 | 
 x300D  | x54F2 | 0101010011110010 |   24 | NUMBER_TO_CONVERT .FILL #21746 ; Note: Please do not change the name of this constant
        |       |                  |   25 | 
        |       |                  |   26 | .END