  ADDR  |  HEX  |      BINARY      |  LN  |  ASSEMBLY
        |       |                  |    1 | .ORIG x3000
 x3000  | xE002 | 1110000000000010 |    2 | LEA R0, HW
 x3001  | xF022 | 1111000000100010 |    3 | PUTS
 x3002  | xF025 | 1111000000100101 |    4 | HALT
 x3003  | x0048 | 0000000001001000 |    5 | HW .STRINGZ "Hello, World!"
        | x0065 | 0000000001100101 |      |
        | x006C | 0000000001101100 |      |
        | x006C | 0000000001101100 |      |
        | x006F | 0000000001101111 |      |
        | x002C | 0000000000101100 |      |
        | x0020 | 0000000000100000 |      |
        | x0057 | 0000000001010111 |      |
        | x006F | 0000000001101111 |      |
        | x0072 | 0000000001110010 |      |
        | x006C | 0000000001101100 |      |
        | x0064 | 0000000001100100 |      |
        | x0021 | 0000000000100001 |      |
        | x0000 | 0000000000000000 |      |
        |       |                  |    6 | .END
