  ADDR  |  HEX  |      BINARY      |  LN  |  ASSEMBLY
        |       |                  |    1 | .ORIG x3000
 x3000  | xE001 | 1110000000000001 |    2 | LEA R0, HW
        |       |                  |    3 | CHAT0
 x3001  | xF025 | 1111000000100101 |    4 | HALT
 x3002  | x0048 | 0000000001001000 |    5 | HW .STRINGZ "Hello, Minecraft!"
        | x0065 | 0000000001100101 |      |
        | x006C | 0000000001101100 |      |
        | x006C | 0000000001101100 |      |
        | x006F | 0000000001101111 |      |
        | x002C | 0000000000101100 |      |
        | x0020 | 0000000000100000 |      |
        | x004D | 0000000001001101 |      |
        | x0069 | 0000000001101001 |      |
        | x006E | 0000000001101110 |      |
        | x0065 | 0000000001100101 |      |
        | x0063 | 0000000001100011 |      |
        | x0072 | 0000000001110010 |      |
        | x0061 | 0000000001100001 |      |
        | x0066 | 0000000001100110 |      |
        | x0074 | 0000000001110100 |      |
        | x0021 | 0000000000100001 |      |
        | x0000 | 0000000000000000 |      |
        |       |                  |    6 | .END
